2024-01-06 20:28:41 [background-preinit] INFO  o.h.validator.internal.util.Version - HV000001: Hibernate Validator 8.0.1.Final
2024-01-06 20:28:41 [main] INFO  c.m.demo.config.server.ConfigServer - Starting ConfigServer using Java 17.0.9 with PID 34333 (/media/prashant/_edu/microservcies/microservices-demo/config-server/target/classes started by prashant in /media/prashant/_edu/microservcies/microservices-demo)
2024-01-06 20:28:41 [main] INFO  c.m.demo.config.server.ConfigServer - No active profile set, falling back to 1 default profile: "default"
2024-01-06 20:28:44 [main] INFO  o.s.cloud.context.scope.GenericScope - BeanFactory id=17706987-fc8d-3b43-9a8f-e87955552d29
2024-01-06 20:28:45 [main] INFO  o.s.b.w.e.tomcat.TomcatWebServer - Tomcat initialized with port 8888 (http)
2024-01-06 20:28:45 [main] INFO  o.a.coyote.http11.Http11NioProtocol - Initializing ProtocolHandler ["http-nio-8888"]
2024-01-06 20:28:45 [main] INFO  o.a.catalina.core.StandardService - Starting service [Tomcat]
2024-01-06 20:28:45 [main] INFO  o.a.catalina.core.StandardEngine - Starting Servlet engine: [Apache Tomcat/10.1.16]
2024-01-06 20:28:45 [main] INFO  o.a.c.c.C.[Tomcat].[localhost].[/] - Initializing Spring embedded WebApplicationContext
2024-01-06 20:28:45 [main] INFO  o.s.b.w.s.c.ServletWebServerApplicationContext - Root WebApplicationContext: initialization completed in 3864 ms
2024-01-06 20:28:46 [main] WARN  o.s.b.a.s.s.UserDetailsServiceAutoConfiguration - 

Using generated security password: 8be37a68-dcd3-439d-81fa-a5b3ee4f67e9

This generated password is for development use only. Your security configuration must be updated before running your application in production.

2024-01-06 20:28:46 [main] INFO  o.s.s.web.DefaultSecurityFilterChain - Will secure any request with [org.springframework.security.web.session.DisableEncodeUrlFilter@28393e82, org.springframework.security.web.context.request.async.WebAsyncManagerIntegrationFilter@697a0948, org.springframework.security.web.context.SecurityContextHolderFilter@41bfa9e9, org.springframework.security.web.header.HeaderWriterFilter@1f66d8e1, org.springframework.web.filter.CorsFilter@7cf63b9a, org.springframework.security.web.csrf.CsrfFilter@59c500f7, org.springframework.security.web.authentication.logout.LogoutFilter@35d26ad2, org.springframework.security.web.authentication.www.BasicAuthenticationFilter@4b41587d, org.springframework.security.web.savedrequest.RequestCacheAwareFilter@7069f076, org.springframework.security.web.servletapi.SecurityContextHolderAwareRequestFilter@4a070cf0, org.springframework.security.web.authentication.AnonymousAuthenticationFilter@4776e209, org.springframework.security.web.access.ExceptionTranslationFilter@4bb1b96b, org.springframework.security.web.access.intercept.AuthorizationFilter@44e4cb76]
2024-01-06 20:28:47 [main] WARN  o.s.b.w.s.c.AnnotationConfigServletWebServerApplicationContext - Exception encountered during context initialization - cancelling refresh attempt: org.springframework.beans.factory.BeanCreationException: Error creating bean with name 'defaultEnvironmentRepository' defined in class path resource [org/springframework/cloud/config/server/config/DefaultRepositoryConfiguration.class]: You need to configure a uri for the git repository.
2024-01-06 20:28:47 [main] INFO  o.a.catalina.core.StandardService - Stopping service [Tomcat]
2024-01-06 20:28:47 [main] INFO  o.s.b.a.l.ConditionEvaluationReportLogger - 

Error starting ApplicationContext. To display the condition evaluation report re-run your application with 'debug' enabled.
2024-01-06 20:28:47 [main] ERROR o.s.b.d.LoggingFailureAnalysisReporter - 

***************************
APPLICATION FAILED TO START
***************************

Description:

Invalid config server configuration.

Action:

If you are using the git profile, you need to set a Git URI in your configuration.  If you have set spring.cloud.config.server.bootstrap=true, you need to use a composite configuration.

2024-01-06 20:29:54 [background-preinit] INFO  o.h.validator.internal.util.Version - HV000001: Hibernate Validator 8.0.1.Final
2024-01-06 20:29:54 [main] INFO  c.m.demo.config.server.ConfigServer - Starting ConfigServer using Java 17.0.9 with PID 34435 (/media/prashant/_edu/microservcies/microservices-demo/config-server/target/classes started by prashant in /media/prashant/_edu/microservcies/microservices-demo)
2024-01-06 20:29:54 [main] INFO  c.m.demo.config.server.ConfigServer - No active profile set, falling back to 1 default profile: "default"
2024-01-06 20:29:57 [main] INFO  o.s.cloud.context.scope.GenericScope - BeanFactory id=17706987-fc8d-3b43-9a8f-e87955552d29
2024-01-06 20:29:57 [main] INFO  o.s.b.w.e.tomcat.TomcatWebServer - Tomcat initialized with port 8888 (http)
2024-01-06 20:29:57 [main] INFO  o.a.coyote.http11.Http11NioProtocol - Initializing ProtocolHandler ["http-nio-8888"]
2024-01-06 20:29:57 [main] INFO  o.a.catalina.core.StandardService - Starting service [Tomcat]
2024-01-06 20:29:57 [main] INFO  o.a.catalina.core.StandardEngine - Starting Servlet engine: [Apache Tomcat/10.1.16]
2024-01-06 20:29:57 [main] INFO  o.a.c.c.C.[Tomcat].[localhost].[/] - Initializing Spring embedded WebApplicationContext
2024-01-06 20:29:57 [main] INFO  o.s.b.w.s.c.ServletWebServerApplicationContext - Root WebApplicationContext: initialization completed in 3101 ms
2024-01-06 20:29:58 [main] WARN  o.s.b.a.s.s.UserDetailsServiceAutoConfiguration - 

Using generated security password: cc7e56a2-6519-41aa-9618-014cbd3ee2fa

This generated password is for development use only. Your security configuration must be updated before running your application in production.

2024-01-06 20:29:58 [main] INFO  o.s.s.web.DefaultSecurityFilterChain - Will secure any request with [org.springframework.security.web.session.DisableEncodeUrlFilter@50b734c4, org.springframework.security.web.context.request.async.WebAsyncManagerIntegrationFilter@2744dcae, org.springframework.security.web.context.SecurityContextHolderFilter@f5a7226, org.springframework.security.web.header.HeaderWriterFilter@1f782c05, org.springframework.web.filter.CorsFilter@16d0e521, org.springframework.security.web.csrf.CsrfFilter@6b2dd3df, org.springframework.security.web.authentication.logout.LogoutFilter@35dece42, org.springframework.security.web.authentication.www.BasicAuthenticationFilter@5234b61a, org.springframework.security.web.savedrequest.RequestCacheAwareFilter@6ad1701a, org.springframework.security.web.servletapi.SecurityContextHolderAwareRequestFilter@7ecda95b, org.springframework.security.web.authentication.AnonymousAuthenticationFilter@634ca3e7, org.springframework.security.web.access.ExceptionTranslationFilter@764b14b8, org.springframework.security.web.access.intercept.AuthorizationFilter@28ee0a3c]
2024-01-06 20:29:59 [main] WARN  o.s.b.w.s.c.AnnotationConfigServletWebServerApplicationContext - Exception encountered during context initialization - cancelling refresh attempt: org.springframework.beans.factory.BeanCreationException: Error creating bean with name 'defaultEnvironmentRepository' defined in class path resource [org/springframework/cloud/config/server/config/DefaultRepositoryConfiguration.class]: You need to configure a uri for the git repository.
2024-01-06 20:29:59 [main] INFO  o.a.catalina.core.StandardService - Stopping service [Tomcat]
2024-01-06 20:29:59 [main] INFO  o.s.b.a.l.ConditionEvaluationReportLogger - 

Error starting ApplicationContext. To display the condition evaluation report re-run your application with 'debug' enabled.
2024-01-06 20:29:59 [main] ERROR o.s.b.d.LoggingFailureAnalysisReporter - 

***************************
APPLICATION FAILED TO START
***************************

Description:

Invalid config server configuration.

Action:

If you are using the git profile, you need to set a Git URI in your configuration.  If you have set spring.cloud.config.server.bootstrap=true, you need to use a composite configuration.

2024-01-06 20:30:17 [background-preinit] INFO  o.h.validator.internal.util.Version - HV000001: Hibernate Validator 8.0.1.Final
2024-01-06 20:30:18 [main] INFO  c.m.demo.config.server.ConfigServer - Starting ConfigServer using Java 17.0.9 with PID 34519 (/media/prashant/_edu/microservcies/microservices-demo/config-server/target/classes started by prashant in /media/prashant/_edu/microservcies/microservices-demo)
2024-01-06 20:30:18 [main] INFO  c.m.demo.config.server.ConfigServer - No active profile set, falling back to 1 default profile: "default"
2024-01-06 20:30:20 [main] INFO  o.s.cloud.context.scope.GenericScope - BeanFactory id=17706987-fc8d-3b43-9a8f-e87955552d29
2024-01-06 20:30:21 [main] INFO  o.s.b.w.e.tomcat.TomcatWebServer - Tomcat initialized with port 8888 (http)
2024-01-06 20:30:21 [main] INFO  o.a.coyote.http11.Http11NioProtocol - Initializing ProtocolHandler ["http-nio-8888"]
2024-01-06 20:30:21 [main] INFO  o.a.catalina.core.StandardService - Starting service [Tomcat]
2024-01-06 20:30:21 [main] INFO  o.a.catalina.core.StandardEngine - Starting Servlet engine: [Apache Tomcat/10.1.16]
2024-01-06 20:30:21 [main] INFO  o.a.c.c.C.[Tomcat].[localhost].[/] - Initializing Spring embedded WebApplicationContext
2024-01-06 20:30:21 [main] INFO  o.s.b.w.s.c.ServletWebServerApplicationContext - Root WebApplicationContext: initialization completed in 3344 ms
2024-01-06 20:30:21 [main] WARN  o.s.b.a.s.s.UserDetailsServiceAutoConfiguration - 

Using generated security password: 6a655d21-2391-4bab-ba03-226b05abff90

This generated password is for development use only. Your security configuration must be updated before running your application in production.

2024-01-06 20:30:22 [main] INFO  o.s.s.web.DefaultSecurityFilterChain - Will secure any request with [org.springframework.security.web.session.DisableEncodeUrlFilter@6274f21c, org.springframework.security.web.context.request.async.WebAsyncManagerIntegrationFilter@35cec305, org.springframework.security.web.context.SecurityContextHolderFilter@77b3752b, org.springframework.security.web.header.HeaderWriterFilter@62aeddc8, org.springframework.web.filter.CorsFilter@237add, org.springframework.security.web.csrf.CsrfFilter@1f66d8e1, org.springframework.security.web.authentication.logout.LogoutFilter@160b4809, org.springframework.security.web.authentication.www.BasicAuthenticationFilter@1c297897, org.springframework.security.web.savedrequest.RequestCacheAwareFilter@319642db, org.springframework.security.web.servletapi.SecurityContextHolderAwareRequestFilter@59498d94, org.springframework.security.web.authentication.AnonymousAuthenticationFilter@491cafec, org.springframework.security.web.access.ExceptionTranslationFilter@100ad67e, org.springframework.security.web.access.intercept.AuthorizationFilter@7cf63b9a]
2024-01-06 20:30:23 [main] WARN  o.s.b.w.s.c.AnnotationConfigServletWebServerApplicationContext - Exception encountered during context initialization - cancelling refresh attempt: org.springframework.beans.factory.BeanCreationException: Error creating bean with name 'defaultEnvironmentRepository' defined in class path resource [org/springframework/cloud/config/server/config/DefaultRepositoryConfiguration.class]: You need to configure a uri for the git repository.
2024-01-06 20:30:23 [main] INFO  o.a.catalina.core.StandardService - Stopping service [Tomcat]
2024-01-06 20:30:23 [main] INFO  o.s.b.a.l.ConditionEvaluationReportLogger - 

Error starting ApplicationContext. To display the condition evaluation report re-run your application with 'debug' enabled.
2024-01-06 20:30:23 [main] ERROR o.s.b.d.LoggingFailureAnalysisReporter - 

***************************
APPLICATION FAILED TO START
***************************

Description:

Invalid config server configuration.

Action:

If you are using the git profile, you need to set a Git URI in your configuration.  If you have set spring.cloud.config.server.bootstrap=true, you need to use a composite configuration.

2024-01-06 20:33:23 [background-preinit] INFO  o.h.validator.internal.util.Version - HV000001: Hibernate Validator 8.0.1.Final
2024-01-06 20:33:23 [main] INFO  c.m.demo.config.server.ConfigServer - Starting ConfigServer using Java 17.0.9 with PID 34813 (/media/prashant/_edu/microservcies/microservices-demo/config-server/target/classes started by prashant in /media/prashant/_edu/microservcies/microservices-demo)
2024-01-06 20:33:23 [main] INFO  c.m.demo.config.server.ConfigServer - No active profile set, falling back to 1 default profile: "default"
2024-01-06 20:33:26 [main] INFO  o.s.cloud.context.scope.GenericScope - BeanFactory id=b44e1a19-8ea4-3f97-a6d3-f904a2914d13
2024-01-06 20:33:26 [main] INFO  o.s.b.w.e.tomcat.TomcatWebServer - Tomcat initialized with port 8080 (http)
2024-01-06 20:33:26 [main] INFO  o.a.coyote.http11.Http11NioProtocol - Initializing ProtocolHandler ["http-nio-8080"]
2024-01-06 20:33:26 [main] INFO  o.a.catalina.core.StandardService - Starting service [Tomcat]
2024-01-06 20:33:26 [main] INFO  o.a.catalina.core.StandardEngine - Starting Servlet engine: [Apache Tomcat/10.1.16]
2024-01-06 20:33:27 [main] INFO  o.a.c.c.C.[Tomcat].[localhost].[/] - Initializing Spring embedded WebApplicationContext
2024-01-06 20:33:27 [main] INFO  o.s.b.w.s.c.ServletWebServerApplicationContext - Root WebApplicationContext: initialization completed in 3350 ms
2024-01-06 20:33:28 [main] INFO  o.s.s.web.DefaultSecurityFilterChain - Will secure any request with [org.springframework.security.web.session.DisableEncodeUrlFilter@7f5614f9, org.springframework.security.web.context.request.async.WebAsyncManagerIntegrationFilter@480cbe2e, org.springframework.security.web.context.SecurityContextHolderFilter@445821a6, org.springframework.security.web.header.HeaderWriterFilter@7573b9ee, org.springframework.web.filter.CorsFilter@6c3f1658, org.springframework.security.web.csrf.CsrfFilter@22da2fe6, org.springframework.security.web.authentication.logout.LogoutFilter@5f61371d, org.springframework.security.web.authentication.www.BasicAuthenticationFilter@446e7065, org.springframework.security.web.savedrequest.RequestCacheAwareFilter@35d26ad2, org.springframework.security.web.servletapi.SecurityContextHolderAwareRequestFilter@bb25753, org.springframework.security.web.authentication.AnonymousAuthenticationFilter@110e9982, org.springframework.security.web.access.ExceptionTranslationFilter@5ba90d8a, org.springframework.security.web.access.intercept.AuthorizationFilter@1d6a8386]
2024-01-06 20:33:31 [main] INFO  o.a.coyote.http11.Http11NioProtocol - Starting ProtocolHandler ["http-nio-8080"]
2024-01-06 20:33:31 [main] INFO  o.s.b.w.e.tomcat.TomcatWebServer - Tomcat started on port 8080 (http) with context path ''
2024-01-06 20:33:31 [main] INFO  c.m.demo.config.server.ConfigServer - Started ConfigServer in 10.184 seconds (process running for 11.868)
2024-01-06 21:59:19 [background-preinit] INFO  o.h.validator.internal.util.Version - HV000001: Hibernate Validator 8.0.1.Final
2024-01-06 21:59:19 [main] INFO  c.m.demo.config.server.ConfigServer - Starting ConfigServer using Java 17.0.9 with PID 22135 (/media/prashant/_edu/microservcies/microservices-demo/config-server/target/classes started by prashant in /media/prashant/_edu/microservcies/microservices-demo)
2024-01-06 21:59:19 [main] INFO  c.m.demo.config.server.ConfigServer - No active profile set, falling back to 1 default profile: "default"
2024-01-06 21:59:22 [main] INFO  o.s.cloud.context.scope.GenericScope - BeanFactory id=b44e1a19-8ea4-3f97-a6d3-f904a2914d13
2024-01-06 21:59:22 [main] INFO  o.s.b.w.e.tomcat.TomcatWebServer - Tomcat initialized with port 8888 (http)
2024-01-06 21:59:22 [main] INFO  o.a.coyote.http11.Http11NioProtocol - Initializing ProtocolHandler ["http-nio-8888"]
2024-01-06 21:59:22 [main] INFO  o.a.catalina.core.StandardService - Starting service [Tomcat]
2024-01-06 21:59:22 [main] INFO  o.a.catalina.core.StandardEngine - Starting Servlet engine: [Apache Tomcat/10.1.16]
2024-01-06 21:59:23 [main] INFO  o.a.c.c.C.[Tomcat].[localhost].[/] - Initializing Spring embedded WebApplicationContext
2024-01-06 21:59:23 [main] INFO  o.s.b.w.s.c.ServletWebServerApplicationContext - Root WebApplicationContext: initialization completed in 3194 ms
2024-01-06 21:59:23 [main] INFO  o.s.s.web.DefaultSecurityFilterChain - Will secure any request with [org.springframework.security.web.session.DisableEncodeUrlFilter@1142d377, org.springframework.security.web.context.request.async.WebAsyncManagerIntegrationFilter@5c48b72c, org.springframework.security.web.context.SecurityContextHolderFilter@4d93f75b, org.springframework.security.web.header.HeaderWriterFilter@160b4809, org.springframework.web.filter.CorsFilter@6e1ae763, org.springframework.security.web.csrf.CsrfFilter@35d26ad2, org.springframework.security.web.authentication.logout.LogoutFilter@4d464510, org.springframework.security.web.authentication.www.BasicAuthenticationFilter@20cdb152, org.springframework.security.web.savedrequest.RequestCacheAwareFilter@4f281aaf, org.springframework.security.web.servletapi.SecurityContextHolderAwareRequestFilter@5d508d22, org.springframework.security.web.authentication.AnonymousAuthenticationFilter@62d40e31, org.springframework.security.web.access.ExceptionTranslationFilter@5d05f453, org.springframework.security.web.access.intercept.AuthorizationFilter@2de9ca6]
2024-01-06 21:59:27 [main] INFO  o.a.coyote.http11.Http11NioProtocol - Starting ProtocolHandler ["http-nio-8888"]
2024-01-06 21:59:27 [main] INFO  o.s.b.w.e.tomcat.TomcatWebServer - Tomcat started on port 8888 (http) with context path ''
2024-01-06 21:59:27 [main] INFO  c.m.demo.config.server.ConfigServer - Started ConfigServer in 10.061 seconds (process running for 12.242)
2024-01-06 21:59:37 [http-nio-8888-exec-1] INFO  o.a.c.c.C.[Tomcat].[localhost].[/] - Initializing Spring DispatcherServlet 'dispatcherServlet'
2024-01-06 21:59:37 [http-nio-8888-exec-1] INFO  o.s.web.servlet.DispatcherServlet - Initializing Servlet 'dispatcherServlet'
2024-01-06 21:59:37 [http-nio-8888-exec-1] INFO  o.s.web.servlet.DispatcherServlet - Completed initialization in 2 ms
2024-01-06 21:59:37 [http-nio-8888-exec-1] WARN  o.s.w.s.h.HandlerMappingIntrospector - Cache miss for REQUEST dispatch to '/config-client/twitter_to_elastic' (previous null). Performing CorsConfiguration lookup. This is logged once only at WARN level, and every time at TRACE.
2024-01-06 21:59:41 [http-nio-8888-exec-2] INFO  o.s.c.c.s.e.NativeEnvironmentRepository - Adding property source: Config resource 'file [/tmp/config-repo-7329721735523141553/config-client.yml]' via location 'file:/tmp/config-repo-7329721735523141553/'
